mode: set
github.com/cpuix/multigit/main.go:5.13,7.2 1 0
github.com/cpuix/multigit/internal/config/ssh_config.go:8.44,10.16 2 0
github.com/cpuix/multigit/internal/config/ssh_config.go:10.16,12.3 1 0
github.com/cpuix/multigit/internal/config/ssh_config.go:13.2,15.50 2 0
github.com/cpuix/multigit/internal/config/ssh_config.go:15.50,17.3 1 0
github.com/cpuix/multigit/internal/config/ssh_config.go:18.2,18.12 1 0
github.com/cpuix/multigit/pkg/logger/logger.go:63.74,69.2 1 0
github.com/cpuix/multigit/pkg/logger/logger.go:72.43,76.2 3 0
github.com/cpuix/multigit/pkg/logger/logger.go:79.42,83.2 3 0
github.com/cpuix/multigit/pkg/logger/logger.go:86.42,87.27 1 0
github.com/cpuix/multigit/pkg/logger/logger.go:87.27,89.3 1 0
github.com/cpuix/multigit/pkg/logger/logger.go:93.58,94.27 1 0
github.com/cpuix/multigit/pkg/logger/logger.go:94.27,96.3 1 0
github.com/cpuix/multigit/pkg/logger/logger.go:100.41,101.26 1 0
github.com/cpuix/multigit/pkg/logger/logger.go:101.26,103.3 1 0
github.com/cpuix/multigit/pkg/logger/logger.go:107.57,108.26 1 0
github.com/cpuix/multigit/pkg/logger/logger.go:108.26,110.3 1 0
github.com/cpuix/multigit/pkg/logger/logger.go:114.41,115.26 1 0
github.com/cpuix/multigit/pkg/logger/logger.go:115.26,117.3 1 0
github.com/cpuix/multigit/pkg/logger/logger.go:121.57,122.26 1 0
github.com/cpuix/multigit/pkg/logger/logger.go:122.26,124.3 1 0
github.com/cpuix/multigit/pkg/logger/logger.go:128.42,129.27 1 0
github.com/cpuix/multigit/pkg/logger/logger.go:129.27,131.3 1 0
github.com/cpuix/multigit/pkg/logger/logger.go:135.58,136.27 1 0
github.com/cpuix/multigit/pkg/logger/logger.go:136.27,138.3 1 0
github.com/cpuix/multigit/pkg/logger/logger.go:142.42,145.2 2 0
github.com/cpuix/multigit/pkg/logger/logger.go:148.58,151.2 2 0
github.com/cpuix/multigit/pkg/logger/logger.go:154.39,156.9 2 0
github.com/cpuix/multigit/pkg/logger/logger.go:156.9,159.3 2 0
github.com/cpuix/multigit/pkg/logger/logger.go:162.2,170.3 3 0
github.com/cpuix/multigit/pkg/logger/logger.go:174.40,175.32 1 0
github.com/cpuix/multigit/pkg/logger/logger.go:176.15,177.20 1 0
github.com/cpuix/multigit/pkg/logger/logger.go:178.14,179.19 1 0
github.com/cpuix/multigit/pkg/logger/logger.go:180.25,181.19 1 0
github.com/cpuix/multigit/pkg/logger/logger.go:182.15,183.20 1 0
github.com/cpuix/multigit/pkg/logger/logger.go:184.15,185.20 1 0
github.com/cpuix/multigit/pkg/logger/logger.go:186.10,187.19 1 0
github.com/cpuix/multigit/pkg/logger/logger.go:195.39,197.2 1 0
github.com/cpuix/multigit/pkg/logger/logger.go:200.31,202.2 1 0
github.com/cpuix/multigit/pkg/logger/logger.go:205.30,207.2 1 0
github.com/cpuix/multigit/pkg/logger/logger.go:210.46,212.2 1 0
github.com/cpuix/multigit/pkg/logger/logger.go:215.29,217.2 1 0
github.com/cpuix/multigit/pkg/logger/logger.go:220.45,222.2 1 0
github.com/cpuix/multigit/pkg/logger/logger.go:225.29,227.2 1 0
github.com/cpuix/multigit/pkg/logger/logger.go:230.45,232.2 1 0
github.com/cpuix/multigit/pkg/logger/logger.go:235.30,237.2 1 0
github.com/cpuix/multigit/pkg/logger/logger.go:240.46,242.2 1 0
github.com/cpuix/multigit/pkg/logger/logger.go:245.30,248.2 2 0
github.com/cpuix/multigit/pkg/logger/logger.go:251.46,254.2 2 0
github.com/cpuix/multigit/pkg/errors/errors.go:37.32,38.18 1 0
github.com/cpuix/multigit/pkg/errors/errors.go:38.18,40.3 1 0
github.com/cpuix/multigit/pkg/errors/errors.go:41.2,41.24 1 0
github.com/cpuix/multigit/pkg/errors/errors.go:45.32,47.2 1 0
github.com/cpuix/multigit/pkg/errors/errors.go:50.67,51.22 1 0
github.com/cpuix/multigit/pkg/errors/errors.go:51.22,53.3 1 0
github.com/cpuix/multigit/pkg/errors/errors.go:54.2,55.10 2 0
github.com/cpuix/multigit/pkg/errors/errors.go:59.52,65.2 1 0
github.com/cpuix/multigit/pkg/errors/errors.go:68.64,74.2 1 0
github.com/cpuix/multigit/pkg/errors/errors.go:77.75,83.2 1 0
github.com/cpuix/multigit/pkg/errors/errors.go:86.48,88.24 2 0
github.com/cpuix/multigit/pkg/errors/errors.go:88.24,90.3 1 0
github.com/cpuix/multigit/pkg/errors/errors.go:91.2,91.14 1 0
github.com/cpuix/multigit/pkg/errors/errors.go:95.51,97.24 2 0
github.com/cpuix/multigit/pkg/errors/errors.go:97.24,99.3 1 0
github.com/cpuix/multigit/pkg/errors/errors.go:100.2,100.12 1 0
github.com/cpuix/multigit/testutil/testutil.go:14.52,32.2 8 0
github.com/cpuix/multigit/testutil/testutil.go:35.40,44.2 6 0
github.com/cpuix/multigit/testutil/testutil.go:47.45,56.16 6 0
github.com/cpuix/multigit/testutil/testutil.go:56.16,59.3 2 0
github.com/cpuix/multigit/pkg/profiling/profiling.go:30.69,31.53 1 0
github.com/cpuix/multigit/pkg/profiling/profiling.go:31.53,33.3 1 0
github.com/cpuix/multigit/pkg/profiling/profiling.go:35.2,37.16 3 0
github.com/cpuix/multigit/pkg/profiling/profiling.go:37.16,39.3 1 0
github.com/cpuix/multigit/pkg/profiling/profiling.go:41.2,43.49 2 0
github.com/cpuix/multigit/pkg/profiling/profiling.go:43.49,46.3 2 0
github.com/cpuix/multigit/pkg/profiling/profiling.go:48.2,48.20 1 0
github.com/cpuix/multigit/pkg/profiling/profiling.go:48.20,52.3 3 0
github.com/cpuix/multigit/pkg/profiling/profiling.go:54.2,54.22 1 0
github.com/cpuix/multigit/pkg/profiling/profiling.go:58.47,59.53 1 0
github.com/cpuix/multigit/pkg/profiling/profiling.go:59.53,61.3 1 0
github.com/cpuix/multigit/pkg/profiling/profiling.go:63.2,65.16 3 0
github.com/cpuix/multigit/pkg/profiling/profiling.go:65.16,67.3 1 0
github.com/cpuix/multigit/pkg/profiling/profiling.go:68.2,71.50 3 0
github.com/cpuix/multigit/pkg/profiling/profiling.go:71.50,73.3 1 0
github.com/cpuix/multigit/pkg/profiling/profiling.go:75.2,76.12 2 0
github.com/cpuix/multigit/pkg/profiling/profiling.go:80.48,81.53 1 0
github.com/cpuix/multigit/pkg/profiling/profiling.go:81.53,83.3 1 0
github.com/cpuix/multigit/pkg/profiling/profiling.go:85.2,87.16 3 0
github.com/cpuix/multigit/pkg/profiling/profiling.go:87.16,89.3 1 0
github.com/cpuix/multigit/pkg/profiling/profiling.go:90.2,95.60 4 0
github.com/cpuix/multigit/pkg/profiling/profiling.go:95.60,97.3 1 0
github.com/cpuix/multigit/pkg/profiling/profiling.go:99.2,100.12 2 0
github.com/cpuix/multigit/pkg/profiling/profiling.go:104.48,105.53 1 0
github.com/cpuix/multigit/pkg/profiling/profiling.go:105.53,107.3 1 0
github.com/cpuix/multigit/pkg/profiling/profiling.go:109.2,111.16 3 0
github.com/cpuix/multigit/pkg/profiling/profiling.go:111.16,113.3 1 0
github.com/cpuix/multigit/pkg/profiling/profiling.go:114.2,119.60 4 0
github.com/cpuix/multigit/pkg/profiling/profiling.go:119.60,121.3 1 0
github.com/cpuix/multigit/pkg/profiling/profiling.go:123.2,124.12 2 0
github.com/cpuix/multigit/pkg/profiling/profiling.go:128.72,130.23 2 0
github.com/cpuix/multigit/pkg/profiling/profiling.go:130.23,131.30 1 0
github.com/cpuix/multigit/pkg/profiling/profiling.go:131.30,133.4 1 0
github.com/cpuix/multigit/pkg/profiling/profiling.go:137.2,137.15 1 0
github.com/cpuix/multigit/pkg/profiling/profiling.go:137.15,138.17 1 0
github.com/cpuix/multigit/pkg/profiling/profiling.go:138.17,140.4 1 0
github.com/cpuix/multigit/pkg/profiling/profiling.go:144.2,145.16 2 0
github.com/cpuix/multigit/pkg/profiling/profiling.go:145.16,147.3 1 0
github.com/cpuix/multigit/pkg/profiling/profiling.go:148.2,151.37 2 0
github.com/cpuix/multigit/pkg/profiling/profiling.go:151.37,152.53 1 0
github.com/cpuix/multigit/pkg/profiling/profiling.go:152.53,154.4 1 0
github.com/cpuix/multigit/pkg/profiling/profiling.go:158.2,158.37 1 0
github.com/cpuix/multigit/pkg/profiling/profiling.go:158.37,159.54 1 0
github.com/cpuix/multigit/pkg/profiling/profiling.go:159.54,161.4 1 0
github.com/cpuix/multigit/pkg/profiling/profiling.go:165.2,165.37 1 0
github.com/cpuix/multigit/pkg/profiling/profiling.go:165.37,166.54 1 0
github.com/cpuix/multigit/pkg/profiling/profiling.go:166.54,168.4 1 0
github.com/cpuix/multigit/pkg/profiling/profiling.go:171.2,171.25 1 0
github.com/cpuix/multigit/internal/multigit/account.go:38.131,40.23 1 1
github.com/cpuix/multigit/internal/multigit/account.go:40.23,42.3 1 1
github.com/cpuix/multigit/internal/multigit/account.go:44.2,44.24 1 1
github.com/cpuix/multigit/internal/multigit/account.go:44.24,46.3 1 0
github.com/cpuix/multigit/internal/multigit/account.go:48.2,48.42 1 1
github.com/cpuix/multigit/internal/multigit/account.go:48.42,50.3 1 1
github.com/cpuix/multigit/internal/multigit/account.go:53.2,54.55 2 1
github.com/cpuix/multigit/internal/multigit/account.go:54.55,56.3 1 0
github.com/cpuix/multigit/internal/multigit/account.go:59.2,59.95 1 1
github.com/cpuix/multigit/internal/multigit/account.go:59.95,61.3 1 0
github.com/cpuix/multigit/internal/multigit/account.go:64.2,64.64 1 1
github.com/cpuix/multigit/internal/multigit/account.go:64.64,66.3 1 0
github.com/cpuix/multigit/internal/multigit/account.go:69.2,69.65 1 1
github.com/cpuix/multigit/internal/multigit/account.go:69.65,71.3 1 0
github.com/cpuix/multigit/internal/multigit/account.go:74.2,74.28 1 1
github.com/cpuix/multigit/internal/multigit/account.go:74.28,76.3 1 0
github.com/cpuix/multigit/internal/multigit/account.go:78.2,85.29 3 1
github.com/cpuix/multigit/internal/multigit/account.go:85.29,87.3 1 1
github.com/cpuix/multigit/internal/multigit/account.go:88.2,88.41 1 1
github.com/cpuix/multigit/internal/multigit/account.go:88.41,90.3 1 1
github.com/cpuix/multigit/internal/multigit/account.go:92.2,93.12 2 1
github.com/cpuix/multigit/internal/multigit/account.go:97.46,102.56 2 0
github.com/cpuix/multigit/internal/multigit/account.go:102.56,104.3 1 0
github.com/cpuix/multigit/internal/multigit/account.go:107.2,107.60 1 0
github.com/cpuix/multigit/internal/multigit/account.go:107.60,109.3 1 0
github.com/cpuix/multigit/internal/multigit/account.go:112.2,112.68 1 0
github.com/cpuix/multigit/internal/multigit/account.go:112.68,114.3 1 0
github.com/cpuix/multigit/internal/multigit/account.go:117.2,120.41 2 0
github.com/cpuix/multigit/internal/multigit/account.go:120.41,122.3 1 0
github.com/cpuix/multigit/internal/multigit/account.go:125.2,125.43 1 0
github.com/cpuix/multigit/internal/multigit/account.go:125.43,127.3 1 0
github.com/cpuix/multigit/internal/multigit/account.go:129.2,130.12 2 0
github.com/cpuix/multigit/internal/multigit/account.go:134.25,139.2 1 1
github.com/cpuix/multigit/internal/multigit/account.go:142.38,144.16 2 1
github.com/cpuix/multigit/internal/multigit/account.go:144.16,146.3 1 0
github.com/cpuix/multigit/internal/multigit/account.go:147.2,147.71 1 1
github.com/cpuix/multigit/internal/multigit/account.go:151.59,153.16 2 0
github.com/cpuix/multigit/internal/multigit/account.go:153.16,155.3 1 0
github.com/cpuix/multigit/internal/multigit/account.go:157.2,158.54 2 0
github.com/cpuix/multigit/internal/multigit/account.go:158.54,160.3 1 0
github.com/cpuix/multigit/internal/multigit/account.go:162.2,162.21 1 0
github.com/cpuix/multigit/internal/multigit/account.go:166.26,168.16 2 1
github.com/cpuix/multigit/internal/multigit/account.go:168.16,171.3 2 0
github.com/cpuix/multigit/internal/multigit/account.go:174.2,174.55 1 1
github.com/cpuix/multigit/internal/multigit/account.go:174.55,176.3 1 1
github.com/cpuix/multigit/internal/multigit/account.go:179.2,180.16 2 1
github.com/cpuix/multigit/internal/multigit/account.go:180.16,183.3 2 0
github.com/cpuix/multigit/internal/multigit/account.go:186.2,187.54 2 1
github.com/cpuix/multigit/internal/multigit/account.go:187.54,190.3 2 0
github.com/cpuix/multigit/internal/multigit/account.go:193.2,193.28 1 1
github.com/cpuix/multigit/internal/multigit/account.go:193.28,195.3 1 0
github.com/cpuix/multigit/internal/multigit/account.go:196.2,196.28 1 1
github.com/cpuix/multigit/internal/multigit/account.go:196.28,198.3 1 1
github.com/cpuix/multigit/internal/multigit/account.go:200.2,200.15 1 1
github.com/cpuix/multigit/internal/multigit/account.go:204.44,206.16 2 1
github.com/cpuix/multigit/internal/multigit/account.go:206.16,208.3 1 0
github.com/cpuix/multigit/internal/multigit/account.go:209.2,209.45 1 1
github.com/cpuix/multigit/internal/multigit/account.go:213.61,216.53 2 1
github.com/cpuix/multigit/internal/multigit/account.go:216.53,218.3 1 0
github.com/cpuix/multigit/internal/multigit/account.go:221.2,221.32 1 1
github.com/cpuix/multigit/internal/multigit/account.go:221.32,222.66 1 0
github.com/cpuix/multigit/internal/multigit/account.go:222.66,224.4 1 0
github.com/cpuix/multigit/internal/multigit/account.go:228.2,228.32 1 1
github.com/cpuix/multigit/internal/multigit/account.go:228.32,229.66 1 1
github.com/cpuix/multigit/internal/multigit/account.go:229.66,231.4 1 0
github.com/cpuix/multigit/internal/multigit/account.go:235.2,236.16 2 1
github.com/cpuix/multigit/internal/multigit/account.go:236.16,238.3 1 0
github.com/cpuix/multigit/internal/multigit/account.go:241.2,241.59 1 1
github.com/cpuix/multigit/internal/multigit/account.go:241.59,243.3 1 0
github.com/cpuix/multigit/internal/multigit/account.go:245.2,245.12 1 1
github.com/cpuix/multigit/internal/multigit/account.go:249.51,251.32 2 1
github.com/cpuix/multigit/internal/multigit/account.go:251.32,253.3 1 1
github.com/cpuix/multigit/internal/multigit/account.go:255.2,256.13 2 1
github.com/cpuix/multigit/internal/multigit/account.go:256.13,258.3 1 0
github.com/cpuix/multigit/internal/multigit/account.go:260.2,260.44 1 1
github.com/cpuix/multigit/internal/multigit/commands.go:8.86,10.2 1 0
github.com/cpuix/multigit/internal/multigit/commands.go:12.43,14.2 1 0
github.com/cpuix/multigit/internal/multigit/commands.go:16.44,18.2 1 0
github.com/cpuix/multigit/cmd/add.go:24.54,29.68 3 0
github.com/cpuix/multigit/cmd/add.go:29.68,31.4 1 0
github.com/cpuix/multigit/cmd/add.go:34.3,34.107 1 0
github.com/cpuix/multigit/cmd/add.go:34.107,36.4 1 0
github.com/cpuix/multigit/cmd/add.go:38.3,44.13 6 0
github.com/cpuix/multigit/cmd/add.go:48.13,51.2 2 1
github.com/cpuix/multigit/cmd/delete.go:25.54,29.19 2 0
github.com/cpuix/multigit/cmd/delete.go:29.19,35.58 5 0
github.com/cpuix/multigit/cmd/delete.go:35.58,38.5 2 0
github.com/cpuix/multigit/cmd/delete.go:42.3,42.61 1 0
github.com/cpuix/multigit/cmd/delete.go:42.61,44.4 1 0
github.com/cpuix/multigit/cmd/delete.go:46.3,47.13 2 0
github.com/cpuix/multigit/cmd/delete.go:51.13,54.2 2 1
github.com/cpuix/multigit/cmd/list.go:16.54,19.32 2 0
github.com/cpuix/multigit/cmd/list.go:19.32,22.4 2 0
github.com/cpuix/multigit/cmd/list.go:25.3,33.46 5 0
github.com/cpuix/multigit/cmd/list.go:33.46,39.16 3 0
github.com/cpuix/multigit/cmd/list.go:39.16,41.5 1 0
github.com/cpuix/multigit/cmd/list.go:41.10,43.5 1 0
github.com/cpuix/multigit/cmd/list.go:46.4,52.46 5 0
github.com/cpuix/multigit/cmd/list.go:52.46,54.5 1 0
github.com/cpuix/multigit/cmd/list.go:54.10,56.5 1 0
github.com/cpuix/multigit/cmd/list.go:59.4,59.16 1 0
github.com/cpuix/multigit/cmd/list.go:59.16,61.5 1 0
github.com/cpuix/multigit/cmd/list.go:63.4,63.17 1 0
github.com/cpuix/multigit/cmd/list.go:67.3,67.30 1 0
github.com/cpuix/multigit/cmd/list.go:67.30,71.4 1 0
github.com/cpuix/multigit/cmd/list.go:71.9,73.4 1 0
github.com/cpuix/multigit/cmd/list.go:75.3,75.13 1 0
github.com/cpuix/multigit/cmd/list.go:79.13,81.2 1 1
github.com/cpuix/multigit/cmd/profile.go:21.54,26.56 3 1
github.com/cpuix/multigit/cmd/profile.go:26.56,28.4 1 1
github.com/cpuix/multigit/cmd/profile.go:31.3,37.53 2 1
github.com/cpuix/multigit/cmd/profile.go:37.53,39.4 1 0
github.com/cpuix/multigit/cmd/profile.go:41.3,42.13 2 1
github.com/cpuix/multigit/cmd/profile.go:49.54,52.32 2 1
github.com/cpuix/multigit/cmd/profile.go:52.32,55.4 2 0
github.com/cpuix/multigit/cmd/profile.go:58.3,59.33 2 1
github.com/cpuix/multigit/cmd/profile.go:59.33,61.4 1 0
github.com/cpuix/multigit/cmd/profile.go:64.3,68.46 4 1
github.com/cpuix/multigit/cmd/profile.go:68.46,71.29 2 1
github.com/cpuix/multigit/cmd/profile.go:71.29,73.5 1 0
github.com/cpuix/multigit/cmd/profile.go:76.4,81.17 4 1
github.com/cpuix/multigit/cmd/profile.go:84.3,84.26 1 1
github.com/cpuix/multigit/cmd/profile.go:84.26,86.4 1 0
github.com/cpuix/multigit/cmd/profile.go:86.9,88.4 1 1
github.com/cpuix/multigit/cmd/profile.go:90.3,90.13 1 1
github.com/cpuix/multigit/cmd/profile.go:98.54,103.57 3 1
github.com/cpuix/multigit/cmd/profile.go:103.57,105.4 1 0
github.com/cpuix/multigit/cmd/profile.go:108.3,111.53 2 1
github.com/cpuix/multigit/cmd/profile.go:111.53,113.4 1 0
github.com/cpuix/multigit/cmd/profile.go:115.3,116.13 2 1
github.com/cpuix/multigit/cmd/profile.go:125.54,130.57 3 1
github.com/cpuix/multigit/cmd/profile.go:130.57,132.4 1 0
github.com/cpuix/multigit/cmd/profile.go:135.3,135.26 1 1
github.com/cpuix/multigit/cmd/profile.go:135.26,136.91 1 1
github.com/cpuix/multigit/cmd/profile.go:136.91,138.5 1 0
github.com/cpuix/multigit/cmd/profile.go:142.3,142.42 1 1
github.com/cpuix/multigit/cmd/profile.go:142.42,144.4 1 1
github.com/cpuix/multigit/cmd/profile.go:147.3,150.53 2 1
github.com/cpuix/multigit/cmd/profile.go:150.53,152.4 1 0
github.com/cpuix/multigit/cmd/profile.go:154.3,155.13 2 1
github.com/cpuix/multigit/cmd/profile.go:163.13,169.2 3 1
github.com/cpuix/multigit/cmd/profile.go:175.54,179.16 4 0
github.com/cpuix/multigit/cmd/profile.go:179.16,181.3 1 0
github.com/cpuix/multigit/cmd/profile.go:182.2,182.43 1 0
github.com/cpuix/multigit/cmd/root.go:29.16,30.42 1 0
github.com/cpuix/multigit/cmd/root.go:30.42,33.3 2 0
github.com/cpuix/multigit/cmd/root.go:36.13,39.2 2 1
github.com/cpuix/multigit/cmd/root.go:42.19,50.19 2 1
github.com/cpuix/multigit/cmd/root.go:50.19,56.48 3 1
github.com/cpuix/multigit/cmd/root.go:56.48,58.4 1 0
github.com/cpuix/multigit/cmd/root.go:59.8,70.3 7 0
github.com/cpuix/multigit/cmd/root.go:72.2,75.45 2 1
github.com/cpuix/multigit/cmd/root.go:75.45,78.49 2 1
github.com/cpuix/multigit/cmd/root.go:78.49,80.4 1 0
github.com/cpuix/multigit/cmd/root.go:81.8,83.55 1 1
github.com/cpuix/multigit/cmd/root.go:83.55,85.21 1 0
github.com/cpuix/multigit/cmd/root.go:85.21,87.56 1 0
github.com/cpuix/multigit/cmd/root.go:87.56,89.6 1 0
github.com/cpuix/multigit/cmd/root.go:90.10,92.56 1 0
github.com/cpuix/multigit/cmd/root.go:92.56,94.6 1 0
github.com/cpuix/multigit/cmd/root.go:96.9,99.4 1 1
github.com/cpuix/multigit/cmd/root.go:103.2,103.28 1 1
github.com/cpuix/multigit/cmd/root.go:103.28,105.3 1 0
github.com/cpuix/multigit/cmd/root.go:106.2,106.28 1 1
github.com/cpuix/multigit/cmd/root.go:106.28,108.3 1 0
github.com/cpuix/multigit/cmd/status.go:16.54,19.17 2 0
github.com/cpuix/multigit/cmd/status.go:19.17,22.4 2 0
github.com/cpuix/multigit/cmd/status.go:25.3,32.45 6 0
github.com/cpuix/multigit/cmd/status.go:32.45,34.4 1 0
github.com/cpuix/multigit/cmd/status.go:34.9,36.4 1 0
github.com/cpuix/multigit/cmd/status.go:38.3,38.13 1 0
github.com/cpuix/multigit/cmd/status.go:42.13,44.2 1 1
github.com/cpuix/multigit/cmd/use.go:14.92,16.2 1 0
github.com/cpuix/multigit/cmd/use.go:19.56,21.2 1 0
github.com/cpuix/multigit/cmd/use.go:37.54,43.14 4 1
github.com/cpuix/multigit/cmd/use.go:43.14,45.4 1 1
github.com/cpuix/multigit/cmd/use.go:48.3,48.56 1 1
github.com/cpuix/multigit/cmd/use.go:48.56,50.4 1 0
github.com/cpuix/multigit/cmd/use.go:53.3,53.57 1 1
github.com/cpuix/multigit/cmd/use.go:53.57,55.4 1 0
github.com/cpuix/multigit/cmd/use.go:58.3,59.53 2 1
github.com/cpuix/multigit/cmd/use.go:59.53,61.4 1 0
github.com/cpuix/multigit/cmd/use.go:63.3,64.13 2 1
github.com/cpuix/multigit/cmd/use.go:69.63,72.12 2 1
github.com/cpuix/multigit/cmd/use.go:72.12,74.3 1 1
github.com/cpuix/multigit/cmd/use.go:77.2,77.88 1 1
github.com/cpuix/multigit/cmd/use.go:77.88,79.3 1 0
github.com/cpuix/multigit/cmd/use.go:81.2,81.90 1 1
github.com/cpuix/multigit/cmd/use.go:81.90,83.3 1 0
github.com/cpuix/multigit/cmd/use.go:86.2,86.12 1 1
github.com/cpuix/multigit/cmd/use.go:86.12,87.124 1 1
github.com/cpuix/multigit/cmd/use.go:87.124,89.4 1 0
github.com/cpuix/multigit/cmd/use.go:93.2,93.87 1 1
github.com/cpuix/multigit/cmd/use.go:93.87,95.3 1 0
github.com/cpuix/multigit/cmd/use.go:98.2,99.91 2 1
github.com/cpuix/multigit/cmd/use.go:99.91,101.3 1 0
github.com/cpuix/multigit/cmd/use.go:103.2,103.12 1 1
github.com/cpuix/multigit/cmd/use.go:107.48,112.2 4 0
github.com/cpuix/multigit/cmd/use.go:115.29,118.2 2 0
github.com/cpuix/multigit/cmd/use.go:120.13,124.2 3 1
github.com/cpuix/multigit/internal/ssh/mock_ssh.go:11.94,14.2 2 0
github.com/cpuix/multigit/internal/ssh/mock_ssh.go:17.62,20.2 2 0
github.com/cpuix/multigit/internal/ssh/mock_ssh.go:23.63,26.2 2 0
github.com/cpuix/multigit/internal/ssh/ssh.go:33.78,87.52 8 0
github.com/cpuix/multigit/internal/ssh/ssh.go:87.52,89.26 2 0
github.com/cpuix/multigit/internal/ssh/ssh.go:89.26,91.4 1 0
github.com/cpuix/multigit/internal/ssh/ssh.go:92.3,92.66 1 0
github.com/cpuix/multigit/internal/ssh/ssh.go:96.2,105.37 4 0
github.com/cpuix/multigit/internal/ssh/ssh.go:109.47,112.16 2 0
github.com/cpuix/multigit/internal/ssh/ssh.go:112.16,114.3 1 0
github.com/cpuix/multigit/internal/ssh/ssh.go:115.2,115.12 1 0
github.com/cpuix/multigit/internal/ssh/ssh.go:119.85,120.19 1 1
github.com/cpuix/multigit/internal/ssh/ssh.go:120.19,122.3 1 0
github.com/cpuix/multigit/internal/ssh/ssh.go:125.2,125.19 1 1
github.com/cpuix/multigit/internal/ssh/ssh.go:125.19,127.17 2 0
github.com/cpuix/multigit/internal/ssh/ssh.go:127.17,129.4 1 0
github.com/cpuix/multigit/internal/ssh/ssh.go:132.3,133.51 2 0
github.com/cpuix/multigit/internal/ssh/ssh.go:133.51,135.4 1 0
github.com/cpuix/multigit/internal/ssh/ssh.go:138.3,138.18 1 0
github.com/cpuix/multigit/internal/ssh/ssh.go:139.19,140.74 1 0
github.com/cpuix/multigit/internal/ssh/ssh.go:141.23,142.78 1 0
github.com/cpuix/multigit/internal/ssh/ssh.go:144.8,147.54 2 1
github.com/cpuix/multigit/internal/ssh/ssh.go:147.54,149.4 1 0
github.com/cpuix/multigit/internal/ssh/ssh.go:153.2,155.17 2 1
github.com/cpuix/multigit/internal/ssh/ssh.go:156.18,159.17 2 1
github.com/cpuix/multigit/internal/ssh/ssh.go:159.17,161.4 1 0
github.com/cpuix/multigit/internal/ssh/ssh.go:164.3,170.88 2 1
github.com/cpuix/multigit/internal/ssh/ssh.go:170.88,172.4 1 0
github.com/cpuix/multigit/internal/ssh/ssh.go:175.3,176.17 2 1
github.com/cpuix/multigit/internal/ssh/ssh.go:176.17,178.4 1 0
github.com/cpuix/multigit/internal/ssh/ssh.go:181.3,183.83 3 1
github.com/cpuix/multigit/internal/ssh/ssh.go:183.83,185.4 1 0
github.com/cpuix/multigit/internal/ssh/ssh.go:187.22,190.17 2 1
github.com/cpuix/multigit/internal/ssh/ssh.go:190.17,192.4 1 0
github.com/cpuix/multigit/internal/ssh/ssh.go:195.3,196.17 2 1
github.com/cpuix/multigit/internal/ssh/ssh.go:196.17,198.4 1 0
github.com/cpuix/multigit/internal/ssh/ssh.go:201.3,207.88 2 1
github.com/cpuix/multigit/internal/ssh/ssh.go:207.88,209.4 1 0
github.com/cpuix/multigit/internal/ssh/ssh.go:212.3,213.17 2 1
github.com/cpuix/multigit/internal/ssh/ssh.go:213.17,215.4 1 0
github.com/cpuix/multigit/internal/ssh/ssh.go:218.3,220.83 3 1
github.com/cpuix/multigit/internal/ssh/ssh.go:220.83,222.4 1 0
github.com/cpuix/multigit/internal/ssh/ssh.go:224.10,225.57 1 1
github.com/cpuix/multigit/internal/ssh/ssh.go:229.2,233.12 4 1
github.com/cpuix/multigit/internal/ssh/ssh.go:237.77,240.16 2 1
github.com/cpuix/multigit/internal/ssh/ssh.go:240.16,242.3 1 0
github.com/cpuix/multigit/internal/ssh/ssh.go:245.2,248.73 3 1
github.com/cpuix/multigit/internal/ssh/ssh.go:252.84,255.16 2 0
github.com/cpuix/multigit/internal/ssh/ssh.go:255.16,257.3 1 0
github.com/cpuix/multigit/internal/ssh/ssh.go:260.2,263.73 3 0
github.com/cpuix/multigit/internal/ssh/ssh.go:268.54,272.125 2 1
github.com/cpuix/multigit/internal/ssh/ssh.go:272.125,274.3 1 1
github.com/cpuix/multigit/internal/ssh/ssh.go:274.8,277.17 2 1
github.com/cpuix/multigit/internal/ssh/ssh.go:277.17,279.4 1 0
github.com/cpuix/multigit/internal/ssh/ssh.go:280.3,280.98 1 1
github.com/cpuix/multigit/internal/ssh/ssh.go:284.2,285.16 2 1
github.com/cpuix/multigit/internal/ssh/ssh.go:285.16,287.3 1 0
github.com/cpuix/multigit/internal/ssh/ssh.go:288.2,291.59 2 1
github.com/cpuix/multigit/internal/ssh/ssh.go:291.59,293.3 1 1
github.com/cpuix/multigit/internal/ssh/ssh.go:296.2,296.38 1 1
github.com/cpuix/multigit/internal/ssh/ssh.go:296.38,298.3 1 0
github.com/cpuix/multigit/internal/ssh/ssh.go:301.2,303.16 3 1
github.com/cpuix/multigit/internal/ssh/ssh.go:303.16,305.3 1 1
github.com/cpuix/multigit/internal/ssh/ssh.go:307.2,308.12 2 1
github.com/cpuix/multigit/internal/ssh/ssh.go:312.50,314.16 2 1
github.com/cpuix/multigit/internal/ssh/ssh.go:314.16,316.3 1 0
github.com/cpuix/multigit/internal/ssh/ssh.go:318.2,325.47 5 1
github.com/cpuix/multigit/internal/ssh/ssh.go:325.47,327.3 1 0
github.com/cpuix/multigit/internal/ssh/ssh.go:327.8,327.58 1 1
github.com/cpuix/multigit/internal/ssh/ssh.go:327.58,329.3 1 1
github.com/cpuix/multigit/internal/ssh/ssh.go:329.8,331.3 1 1
github.com/cpuix/multigit/internal/ssh/ssh.go:334.2,335.50 2 1
github.com/cpuix/multigit/internal/ssh/ssh.go:335.50,337.17 2 1
github.com/cpuix/multigit/internal/ssh/ssh.go:337.17,339.4 1 0
github.com/cpuix/multigit/internal/ssh/ssh.go:342.2,345.51 2 1
github.com/cpuix/multigit/internal/ssh/ssh.go:345.51,347.3 1 1
github.com/cpuix/multigit/internal/ssh/ssh.go:349.2,362.67 3 1
github.com/cpuix/multigit/internal/ssh/ssh.go:362.67,364.3 1 0
github.com/cpuix/multigit/internal/ssh/ssh.go:365.2,369.95 3 1
github.com/cpuix/multigit/internal/ssh/ssh.go:369.95,371.3 1 0
github.com/cpuix/multigit/internal/ssh/ssh.go:374.2,374.59 1 1
github.com/cpuix/multigit/internal/ssh/ssh.go:374.59,376.3 1 0
github.com/cpuix/multigit/internal/ssh/ssh.go:378.2,379.12 2 1
github.com/cpuix/multigit/internal/ssh/ssh.go:383.50,385.53 1 1
github.com/cpuix/multigit/internal/ssh/ssh.go:385.53,388.3 1 1
github.com/cpuix/multigit/internal/ssh/ssh.go:391.2,392.16 2 1
github.com/cpuix/multigit/internal/ssh/ssh.go:392.16,394.3 1 0
github.com/cpuix/multigit/internal/ssh/ssh.go:397.2,405.16 5 1
github.com/cpuix/multigit/internal/ssh/ssh.go:405.16,407.33 1 1
github.com/cpuix/multigit/internal/ssh/ssh.go:407.33,408.22 1 1
github.com/cpuix/multigit/internal/ssh/ssh.go:408.22,411.44 2 1
github.com/cpuix/multigit/internal/ssh/ssh.go:411.44,413.6 1 1
github.com/cpuix/multigit/internal/ssh/ssh.go:419.2,428.35 2 1
github.com/cpuix/multigit/internal/ssh/ssh.go:428.35,434.38 3 1
github.com/cpuix/multigit/internal/ssh/ssh.go:434.38,437.4 2 0
github.com/cpuix/multigit/internal/ssh/ssh.go:441.2,444.35 3 1
github.com/cpuix/multigit/internal/ssh/ssh.go:444.35,445.20 1 1
github.com/cpuix/multigit/internal/ssh/ssh.go:445.20,446.12 1 0
github.com/cpuix/multigit/internal/ssh/ssh.go:449.3,449.50 1 1
github.com/cpuix/multigit/internal/ssh/ssh.go:449.50,453.54 2 1
github.com/cpuix/multigit/internal/ssh/ssh.go:453.54,456.13 2 1
github.com/cpuix/multigit/internal/ssh/ssh.go:460.4,462.18 3 1
github.com/cpuix/multigit/internal/ssh/ssh.go:462.18,463.27 1 0
github.com/cpuix/multigit/internal/ssh/ssh.go:463.27,465.6 1 0
github.com/cpuix/multigit/internal/ssh/ssh.go:465.11,469.6 3 0
github.com/cpuix/multigit/internal/ssh/ssh.go:470.10,472.5 1 1
github.com/cpuix/multigit/internal/ssh/ssh.go:476.2,476.20 1 1
github.com/cpuix/multigit/internal/ssh/ssh.go:476.20,478.3 1 0
github.com/cpuix/multigit/internal/ssh/ssh.go:480.2,481.12 2 1
github.com/cpuix/multigit/internal/ssh/ssh.go:485.45,490.44 3 1
github.com/cpuix/multigit/internal/ssh/ssh.go:490.44,492.44 2 1
github.com/cpuix/multigit/internal/ssh/ssh.go:492.44,493.26 1 1
github.com/cpuix/multigit/internal/ssh/ssh.go:493.26,495.5 1 0
github.com/cpuix/multigit/internal/ssh/ssh.go:495.10,499.5 3 1
github.com/cpuix/multigit/internal/ssh/ssh.go:500.9,502.4 1 1
github.com/cpuix/multigit/internal/ssh/ssh.go:503.8,503.31 1 1
github.com/cpuix/multigit/internal/ssh/ssh.go:503.31,505.3 1 1
github.com/cpuix/multigit/internal/ssh/ssh.go:505.8,509.3 3 0
github.com/cpuix/multigit/internal/ssh/ssh.go:512.2,514.50 3 1
github.com/cpuix/multigit/internal/ssh/ssh.go:514.50,516.50 2 1
github.com/cpuix/multigit/internal/ssh/ssh.go:516.50,519.22 3 1
github.com/cpuix/multigit/internal/ssh/ssh.go:519.22,521.5 1 1
github.com/cpuix/multigit/internal/ssh/ssh.go:521.10,523.5 1 0
github.com/cpuix/multigit/internal/ssh/ssh.go:524.9,526.4 1 1
github.com/cpuix/multigit/internal/ssh/ssh.go:527.8,527.31 1 1
github.com/cpuix/multigit/internal/ssh/ssh.go:527.31,529.3 1 1
github.com/cpuix/multigit/internal/ssh/ssh.go:529.8,532.21 3 0
github.com/cpuix/multigit/internal/ssh/ssh.go:532.21,534.4 1 0
github.com/cpuix/multigit/internal/ssh/ssh.go:534.9,536.4 1 0
github.com/cpuix/multigit/internal/ssh/ssh.go:539.2,539.16 1 1
github.com/cpuix/multigit/internal/ssh/ssh.go:543.53,545.16 2 1
github.com/cpuix/multigit/internal/ssh/ssh.go:545.16,547.3 1 0
github.com/cpuix/multigit/internal/ssh/ssh.go:549.2,552.58 2 1
github.com/cpuix/multigit/internal/ssh/ssh.go:552.58,554.3 1 1
github.com/cpuix/multigit/internal/ssh/ssh.go:557.2,558.16 2 1
github.com/cpuix/multigit/internal/ssh/ssh.go:558.16,560.3 1 0
github.com/cpuix/multigit/internal/ssh/ssh.go:562.2,567.78 3 1
github.com/cpuix/multigit/internal/ssh/ssh.go:567.78,569.3 1 0
github.com/cpuix/multigit/internal/ssh/ssh.go:572.2,573.67 2 1
github.com/cpuix/multigit/internal/ssh/ssh.go:573.67,575.3 1 0
github.com/cpuix/multigit/internal/ssh/ssh.go:576.2,582.50 3 1
github.com/cpuix/multigit/internal/ssh/ssh.go:582.50,584.3 1 1
github.com/cpuix/multigit/internal/ssh/ssh.go:587.2,588.69 2 1
github.com/cpuix/multigit/internal/ssh/ssh.go:588.69,590.3 1 1
github.com/cpuix/multigit/internal/ssh/ssh.go:591.2,594.25 2 1
github.com/cpuix/multigit/internal/ssh/ssh.go:594.25,596.3 1 0
github.com/cpuix/multigit/internal/ssh/ssh.go:599.2,600.76 2 1
github.com/cpuix/multigit/internal/ssh/ssh.go:600.76,602.3 1 0
github.com/cpuix/multigit/internal/ssh/ssh.go:605.2,605.59 1 1
github.com/cpuix/multigit/internal/ssh/ssh.go:605.59,607.3 1 0
github.com/cpuix/multigit/internal/ssh/ssh.go:609.2,610.12 2 1
github.com/cpuix/multigit/internal/ssh/ssh.go:614.49,618.2 2 1
github.com/cpuix/multigit/internal/ssh/ssh.go:621.61,628.34 6 1
github.com/cpuix/multigit/internal/ssh/ssh.go:628.34,632.126 2 1
github.com/cpuix/multigit/internal/ssh/ssh.go:632.126,635.12 3 1
github.com/cpuix/multigit/internal/ssh/ssh.go:639.3,639.144 1 1
github.com/cpuix/multigit/internal/ssh/ssh.go:639.144,641.12 2 0
github.com/cpuix/multigit/internal/ssh/ssh.go:645.3,645.22 1 1
github.com/cpuix/multigit/internal/ssh/ssh.go:645.22,646.12 1 0
github.com/cpuix/multigit/internal/ssh/ssh.go:650.3,650.39 1 1
github.com/cpuix/multigit/internal/ssh/ssh.go:650.39,652.64 1 1
github.com/cpuix/multigit/internal/ssh/ssh.go:652.64,654.13 2 1
github.com/cpuix/multigit/internal/ssh/ssh.go:656.4,656.23 1 0
github.com/cpuix/multigit/internal/ssh/ssh.go:659.3,659.39 1 1
github.com/cpuix/multigit/internal/ssh/ssh.go:659.39,662.4 1 1
github.com/cpuix/multigit/internal/ssh/ssh.go:666.2,666.84 1 1
github.com/cpuix/multigit/internal/ssh/ssh.go:666.84,668.3 1 0
github.com/cpuix/multigit/internal/ssh/ssh.go:671.2,671.72 1 1
github.com/cpuix/multigit/internal/ssh/ssh.go:671.72,673.3 1 1
github.com/cpuix/multigit/internal/ssh/ssh.go:675.2,675.35 1 1
github.com/cpuix/multigit/internal/ssh/ssh_interface.go:28.97,30.2 1 0
github.com/cpuix/multigit/internal/ssh/ssh_interface.go:34.70,36.2 1 0
github.com/cpuix/multigit/internal/ssh/ssh_interface.go:39.66,41.2 1 0
github.com/cpuix/multigit/internal/ssh/ssh_interface.go:44.61,46.2 1 0
github.com/cpuix/multigit/internal/ssh/ssh_interface.go:49.69,51.2 1 0
github.com/cpuix/multigit/internal/ssh/test_utils.go:22.53,26.16 3 1
github.com/cpuix/multigit/internal/ssh/test_utils.go:26.16,28.3 1 0
github.com/cpuix/multigit/internal/ssh/test_utils.go:30.2,31.49 2 1
github.com/cpuix/multigit/internal/ssh/test_utils.go:31.49,34.3 2 0
github.com/cpuix/multigit/internal/ssh/test_utils.go:36.2,36.19 1 1
github.com/cpuix/multigit/internal/ssh/test_utils.go:36.19,37.17 1 1
github.com/cpuix/multigit/internal/ssh/test_utils.go:37.17,40.4 2 0
github.com/cpuix/multigit/internal/ssh/test_utils.go:41.3,41.24 1 1
github.com/cpuix/multigit/internal/ssh/test_utils.go:44.2,47.3 1 1
github.com/cpuix/multigit/internal/ssh/test_utils.go:51.91,56.17 3 1
github.com/cpuix/multigit/internal/ssh/test_utils.go:57.18,59.17 2 1
github.com/cpuix/multigit/internal/ssh/test_utils.go:59.17,61.4 1 0
github.com/cpuix/multigit/internal/ssh/test_utils.go:64.3,71.17 3 1
github.com/cpuix/multigit/internal/ssh/test_utils.go:71.17,73.4 1 0
github.com/cpuix/multigit/internal/ssh/test_utils.go:74.3,76.61 2 1
github.com/cpuix/multigit/internal/ssh/test_utils.go:76.61,78.4 1 0
github.com/cpuix/multigit/internal/ssh/test_utils.go:81.3,82.17 2 1
github.com/cpuix/multigit/internal/ssh/test_utils.go:82.17,84.4 1 0
github.com/cpuix/multigit/internal/ssh/test_utils.go:86.3,86.68 1 1
github.com/cpuix/multigit/internal/ssh/test_utils.go:86.68,88.4 1 0
github.com/cpuix/multigit/internal/ssh/test_utils.go:90.22,94.17 2 1
github.com/cpuix/multigit/internal/ssh/test_utils.go:94.17,96.4 1 0
github.com/cpuix/multigit/internal/ssh/test_utils.go:97.3,100.17 3 1
github.com/cpuix/multigit/internal/ssh/test_utils.go:100.17,102.4 1 0
github.com/cpuix/multigit/internal/ssh/test_utils.go:103.3,103.18 1 1
github.com/cpuix/multigit/internal/ssh/test_utils.go:106.2,107.16 2 1
github.com/cpuix/multigit/internal/ssh/test_utils.go:111.67,113.49 2 1
github.com/cpuix/multigit/internal/ssh/test_utils.go:113.49,115.3 1 0
github.com/cpuix/multigit/internal/ssh/test_utils.go:119.70,121.41 2 1
github.com/cpuix/multigit/internal/ssh/test_utils.go:121.41,123.3 1 0
github.com/cpuix/multigit/internal/ssh/test_utils.go:123.8,123.32 1 1
github.com/cpuix/multigit/internal/ssh/test_utils.go:123.32,125.3 1 0
github.com/cpuix/multigit/internal/ssh/test_utils.go:129.75,132.16 3 0
github.com/cpuix/multigit/internal/ssh/test_utils.go:132.16,134.3 1 0
github.com/cpuix/multigit/internal/ssh/test_utils.go:135.2,135.53 1 0
github.com/cpuix/multigit/internal/ssh/test_utils.go:135.53,137.3 1 0
github.com/cpuix/multigit/internal/ssh/test_utils.go:141.78,144.16 3 0
github.com/cpuix/multigit/internal/ssh/test_utils.go:144.16,146.3 1 0
github.com/cpuix/multigit/internal/ssh/test_utils.go:147.2,147.52 1 0
github.com/cpuix/multigit/internal/ssh/test_utils.go:147.52,149.3 1 0
